<?xml version="1.0" encoding="utf-8"?><testsuites name="pytest tests"><testsuite name="pytest" errors="0" failures="0" skipped="0" tests="19" time="39.296" timestamp="2025-08-21T21:22:51.587787+05:00" hostname="DESKTOP-72E0U6T"><testcase classname="tests.test_app_logic" name="test_toggle_activation_changes_state" time="8.177" /><testcase classname="tests.test_app_logic" name="test_process_selected_text_emits_toolbar_when_active" time="11.521" /><testcase classname="tests.test_app_logic" name="test_process_selected_text_noop_when_inactive" time="10.047" /><testcase classname="tests.test_app_logic" name="test_agents_fallback_without_api_key" time="0.010" /><testcase classname="tests.test_clipboard" name="test_get_clipboard_content_win32_success" time="0.003" /><testcase classname="tests.test_clipboard" name="test_get_clipboard_content_win32_no_text" time="0.003" /><testcase classname="tests.test_clipboard" name="test_get_clipboard_content_pyperclip_success" time="0.003" /><testcase classname="tests.test_clipboard" name="test_set_clipboard_content_win32_success" time="0.003" /><testcase classname="tests.test_clipboard" name="test_set_clipboard_content_pyperclip_success" time="0.003" /><testcase classname="tests.test_clipboard" name="test_clear_clipboard_win32_success" time="0.003" /><testcase classname="tests.test_clipboard" name="test_clear_clipboard_pyperclip_success" time="0.004" /><testcase classname="tests.test_clipboard" name="test_error_paths_log_warning" time="0.006" /><testcase classname="tests.test_popup" name="test_popup_show_definition_basic" time="0.042" /><testcase classname="tests.test_popup" name="test_popup_show_definition_error_styles" time="0.020" /><testcase classname="tests.test_popup" name="test_popup_show_speech_and_update" time="0.020" /><testcase classname="tests.test_smoke" name="test_imports" time="0.008" /><testcase classname="tests.test_toolbar" name="test_toolbar_constructs" time="0.034" /><testcase classname="tests.test_toolbar" name="test_toolbar_show_and_hide" time="0.069" /><testcase classname="tests.test_widgets" name="test_rounded_widget_instantiates_and_paints" time="0.006" /></testsuite></testsuites>